<?xml version="1.0" encoding="UTF-8"?>
<!-- Generated by org.testng.reporters.JUnitReportReporter -->
<testsuite hostname="LAPTOP-3N9MTLMM" failures="0" tests="1" name="god1.report" time="20.918" errors="0" timestamp="2021-01-30T20:27:18 IST" skipped="0">
  <testcase classname="god1.report" name="bros" time="20.918"/>
  <system-out/>
</testsuite> <!-- god1.report -->
