<?xml version="1.0" encoding="UTF-8"?>
<!-- Generated by org.testng.reporters.JUnitReportReporter -->
<testsuite hostname="LAPTOP-3N9MTLMM" failures="0" tests="1" name="god1.max" time="12.268" errors="0" timestamp="2021-01-22T21:53:49 IST" skipped="0">
  <testcase classname="god1.max" name="max" time="12.268"/>
  <system-out/>
</testsuite> <!-- god1.max -->
