<?xml version="1.0" encoding="UTF-8"?>
<!-- Generated by org.testng.reporters.JUnitReportReporter -->
<testsuite hostname="LAPTOP-3N9MTLMM" failures="0" tests="1" name="god1.mmm" time="28.190" errors="0" timestamp="2021-02-06T07:54:42 IST" skipped="0">
  <testcase classname="god1.mmm" name="testing" time="28.190"/>
  <system-out/>
</testsuite> <!-- god1.mmm -->
