<?xml version="1.0" encoding="UTF-8"?>
<!-- Generated by org.testng.reporters.JUnitReportReporter -->
<testsuite hostname="LAPTOP-3N9MTLMM" failures="0" tests="1" name="god1.waclicktesting2" time="42.459" errors="0" timestamp="2021-01-30T19:19:16 IST" skipped="0">
  <testcase classname="god1.waclicktesting2" name="test" time="42.459"/>
  <system-out/>
</testsuite> <!-- god1.waclicktesting2 -->
