<?xml version="1.0" encoding="UTF-8"?>
<!-- Generated by org.testng.reporters.JUnitReportReporter -->
<testsuite hostname="LAPTOP-3N9MTLMM" failures="0" tests="1" name="god1.gool" time="18.730" errors="0" timestamp="2021-01-16T16:04:55 IST" skipped="0">
  <testcase classname="god1.gool" name="login" time="18.730"/>
  <system-out/>
</testsuite> <!-- god1.gool -->
