<?xml version="1.0" encoding="UTF-8"?>
<!-- Generated by org.testng.reporters.JUnitReportReporter -->
<testsuite hostname="LAPTOP-3N9MTLMM" failures="0" tests="1" name="god1.firsttest" time="69.423" errors="0" timestamp="2021-01-26T13:32:09 IST" skipped="0">
  <testcase classname="god1.firsttest" name="config" time="69.423"/>
  <system-out/>
</testsuite> <!-- god1.firsttest -->
