<?xml version="1.0" encoding="UTF-8"?>
<!-- Generated by org.testng.reporters.JUnitReportReporter -->
<testsuite hostname="LAPTOP-3N9MTLMM" failures="0" tests="1" name="god1.google" time="38.126" errors="0" timestamp="2021-01-24T18:15:28 IST" skipped="0">
  <testcase classname="god1.google" name="goo" time="38.126"/>
  <system-out/>
</testsuite> <!-- god1.google -->
