<?xml version="1.0" encoding="UTF-8"?>
<!-- Generated by org.testng.reporters.JUnitReportReporter -->
<testsuite hostname="LAPTOP-3N9MTLMM" failures="0" tests="1" name="god1.testcase" time="0.015" errors="0" timestamp="2021-01-23T15:10:56 IST" skipped="0">
  <testcase classname="god1.testcase" name="third" time="0.015"/>
  <system-out/>
</testsuite> <!-- god1.testcase -->
