<?xml version="1.0" encoding="UTF-8"?>
<!-- Generated by org.testng.reporters.JUnitReportReporter -->
<testsuite hostname="LAPTOP-3N9MTLMM" failures="0" tests="1" name="god1.waclicktesting" time="39.826" errors="0" timestamp="2021-01-30T19:19:16 IST" skipped="0">
  <testcase classname="god1.waclicktesting" name="testing" time="39.826"/>
  <system-out/>
</testsuite> <!-- god1.waclicktesting -->
